<?xml version="1.0" encoding="UTF-8"?>
<!-- Generated by org.testng.reporters.JUnitReportReporter -->
<testsuite hostname="DESKTOP-MJ9UR34" failures="0" tests="2" name="cucumberOptions.TestRunner" time="104.566" errors="0" timestamp="2021-02-15T11:48:30 IST" skipped="0">
  <testcase classname="cucumberOptions.TestRunner" name="runScenario" time="58.397"/>
  <system-out/>
  <testcase classname="cucumberOptions.TestRunner" name="runScenario" time="46.169"/>
  <system-out/>
</testsuite> <!-- cucumberOptions.TestRunner -->
