<?xml version="1.0" encoding="UTF-8"?>
<!-- Generated by org.testng.reporters.JUnitReportReporter -->
<testsuite hostname="DESKTOP-MJ9UR34" failures="0" tests="1" name="Academy.NavigationBarTest" time="1.138" errors="0" timestamp="2021-02-08T19:19:30 IST" skipped="0">
  <testcase classname="Academy.NavigationBarTest" name="navBarValidation" time="1.138"/>
  <system-out/>
</testsuite> <!-- Academy.NavigationBarTest -->
