<?xml version="1.0" encoding="UTF-8"?>
<!-- Generated by org.testng.reporters.JUnitReportReporter -->
<testsuite skipped="0" hostname="DESKTOP-MJ9UR34" name="Academy.NavigationBarTest" tests="1" failures="0" timestamp="2021-02-09T12:34:47 IST" time="5.296" errors="0">
  <testcase name="navBarValidation" time="5.296" classname="Academy.NavigationBarTest"/>
  <system-out/>
</testsuite> <!-- Academy.NavigationBarTest -->
