<?xml version="1.0" encoding="UTF-8"?>
<!-- Generated by org.testng.reporters.JUnitReportReporter -->
<testsuite skipped="0" hostname="DESKTOP-MJ9UR34" name="Academy.HomePageTest" tests="2" failures="0" timestamp="2021-02-09T12:34:47 IST" time="116.354" errors="0">
  <testcase name="basePageNavigation" time="105.117" classname="Academy.HomePageTest"/>
  <system-out/>
  <testcase name="basePageNavigation" time="11.237" classname="Academy.HomePageTest"/>
  <system-out/>
</testsuite> <!-- Academy.HomePageTest -->
