<?xml version="1.0" encoding="UTF-8"?>
<!-- Generated by org.testng.reporters.JUnitReportReporter -->
<testsuite skipped="0" hostname="DESKTOP-MJ9UR34" name="cucumberOptions.TestRunner" tests="2" failures="0" timestamp="2021-02-15T12:05:19 IST" time="143.522" errors="0">
  <testcase name="runScenario" time="63.609" classname="cucumberOptions.TestRunner"/>
  <system-out/>
  <testcase name="runScenario" time="79.913" classname="cucumberOptions.TestRunner"/>
  <system-out/>
</testsuite> <!-- cucumberOptions.TestRunner -->
